# JRE version: OpenJDK Runtime Environment (11.0.15) (build 11.0.15+0-b2043.56-9505619)
# Java VM: OpenJDK 64-Bit Server VM (11.0.15+0-b2043.56-9505619, mixed mode, tiered, compressed oops, g1 gc, windows-amd64)
Heap:
 garbage-first heap   total 219136K, used 92359K [0x0000000080000000, 0x0000000100000000)
  region size 1024K, 4 young (4096K), 4 survivors (4096K)
 Metaspace       used 87876K, capacity 90266K, committed 90416K, reserved 1128448K
  class space    used 11491K, capacity 12392K, committed 12416K, reserved 1048576K
GC Heap History (20 events):
Event: 21.795 GC heap after
{Heap after GC invocations=45 (full 0):
 garbage-first heap   total 116736K, used 60665K [0x0000000080000000, 0x0000000100000000)
  region size 1024K, 3 young (3072K), 3 survivors (3072K)
 Metaspace       used 64133K, capacity 65689K, committed 65840K, reserved 1105920K
  class space    used 8114K, capacity 8727K, committed 8832K, reserved 1048576K
}
Event: 22.262 GC heap before
{Heap before GC invocations=46 (full 0):
 garbage-first heap   total 116736K, used 87289K [0x0000000080000000, 0x0000000100000000)
  region size 1024K, 29 young (29696K), 3 survivors (3072K)
 Metaspace       used 66561K, capacity 68179K, committed 68400K, reserved 1107968K
  class space    used 8431K, capacity 9079K, committed 9088K, reserved 1048576K
}
Event: 22.269 GC heap after
{Heap after GC invocations=47 (full 0):
 garbage-first heap   total 116736K, used 60866K [0x0000000080000000, 0x0000000100000000)
  region size 1024K, 3 young (3072K), 3 survivors (3072K)
 Metaspace       used 66561K, capacity 68179K, committed 68400K, reserved 1107968K
  class space    used 8431K, capacity 9079K, committed 9088K, reserved 1048576K
}
Event: 22.640 GC heap before
{Heap before GC invocations=47 (full 0):
 garbage-first heap   total 116736K, used 88514K [0x0000000080000000, 0x0000000100000000)
  region size 1024K, 30 young (30720K), 3 survivors (3072K)
 Metaspace       used 68266K, capacity 69876K, committed 70192K, reserved 1110016K
  class space    used 8643K, capacity 9252K, committed 9344K, reserved 1048576K
}
Event: 22.648 GC heap after
{Heap after GC invocations=48 (full 0):
 garbage-first heap   total 140288K, used 63187K [0x0000000080000000, 0x0000000100000000)
  region size 1024K, 4 young (4096K), 4 survivors (4096K)
 Metaspace       used 68266K, capacity 69876K, committed 70192K, reserved 1110016K
  class space    used 8643K, capacity 9252K, committed 9344K, reserved 1048576K
}
Event: 22.870 GC heap before
{Heap before GC invocations=49 (full 0):
 garbage-first heap   total 140288K, used 99027K [0x0000000080000000, 0x0000000100000000)
  region size 1024K, 39 young (39936K), 4 survivors (4096K)
 Metaspace       used 68446K, capacity 70070K, committed 70192K, reserved 1110016K
  class space    used 8664K, capacity 9318K, committed 9344K, reserved 1048576K
}
Event: 22.878 GC heap after
{Heap after GC invocations=50 (full 0):
 garbage-first heap   total 140288K, used 65506K [0x0000000080000000, 0x0000000100000000)
  region size 1024K, 5 young (5120K), 5 survivors (5120K)
 Metaspace       used 68446K, capacity 70070K, committed 70192K, reserved 1110016K
  class space    used 8664K, capacity 9318K, committed 9344K, reserved 1048576K
}
Event: 23.678 GC heap before
{Heap before GC invocations=50 (full 0):
 garbage-first heap   total 140288K, used 106466K [0x0000000080000000, 0x0000000100000000)
  region size 1024K, 45 young (46080K), 5 survivors (5120K)
 Metaspace       used 73042K, capacity 74724K, committed 74928K, reserved 1114112K
  class space    used 9458K, capacity 10143K, committed 10240K, reserved 1048576K
}
Event: 23.688 GC heap after
{Heap after GC invocations=51 (full 0):
 garbage-first heap   total 140288K, used 67680K [0x0000000080000000, 0x0000000100000000)
  region size 1024K, 5 young (5120K), 5 survivors (5120K)
 Metaspace       used 73042K, capacity 74724K, committed 74928K, reserved 1114112K
  class space    used 9458K, capacity 10143K, committed 10240K, reserved 1048576K
}
Event: 24.367 GC heap before
{Heap before GC invocations=51 (full 0):
 garbage-first heap   total 140288K, used 108640K [0x0000000080000000, 0x0000000100000000)
  region size 1024K, 45 young (46080K), 5 survivors (5120K)
 Metaspace       used 76841K, capacity 78637K, committed 78768K, reserved 1118208K
  class space    used 9987K, capacity 10727K, committed 10752K, reserved 1048576K
}
Event: 24.380 GC heap after
{Heap after GC invocations=52 (full 0):
 garbage-first heap   total 140288K, used 70150K [0x0000000080000000, 0x0000000100000000)
  region size 1024K, 5 young (5120K), 5 survivors (5120K)
 Metaspace       used 76841K, capacity 78637K, committed 78768K, reserved 1118208K
  class space    used 9987K, capacity 10727K, committed 10752K, reserved 1048576K
}
Event: 24.998 GC heap before
{Heap before GC invocations=53 (full 0):
 garbage-first heap   total 140288K, used 111110K [0x0000000080000000, 0x0000000100000000)
  region size 1024K, 45 young (46080K), 5 survivors (5120K)
 Metaspace       used 80067K, capacity 81949K, committed 82096K, reserved 1120256K
  class space    used 10483K, capacity 11217K, committed 11264K, reserved 1048576K
}
Event: 25.019 GC heap after
{Heap after GC invocations=54 (full 0):
 garbage-first heap   total 168960K, used 72340K [0x0000000080000000, 0x0000000100000000)
  region size 1024K, 5 young (5120K), 5 survivors (5120K)
 Metaspace       used 80067K, capacity 81949K, committed 82096K, reserved 1120256K
  class space    used 10483K, capacity 11217K, committed 11264K, reserved 1048576K
}
Event: 26.092 GC heap before
{Heap before GC invocations=54 (full 0):
 garbage-first heap   total 168960K, used 125588K [0x0000000080000000, 0x0000000100000000)
  region size 1024K, 57 young (58368K), 5 survivors (5120K)
 Metaspace       used 84583K, capacity 86492K, committed 86576K, reserved 1124352K
  class space    used 11023K, capacity 11820K, committed 11904K, reserved 1048576K
}
Event: 26.108 GC heap after
{Heap after GC invocations=55 (full 0):
 garbage-first heap   total 168960K, used 76932K [0x0000000080000000, 0x0000000100000000)
  region size 1024K, 7 young (7168K), 7 survivors (7168K)
 Metaspace       used 84583K, capacity 86492K, committed 86576K, reserved 1124352K
  class space    used 11023K, capacity 11820K, committed 11904K, reserved 1048576K
}
Event: 26.462 GC heap before
{Heap before GC invocations=55 (full 0):
 garbage-first heap   total 168960K, used 132228K [0x0000000080000000, 0x0000000100000000)
  region size 1024K, 61 young (62464K), 7 survivors (7168K)
 Metaspace       used 85198K, capacity 87285K, committed 87472K, reserved 1124352K
  class space    used 11094K, capacity 11909K, committed 12032K, reserved 1048576K
}
Event: 26.478 GC heap after
{Heap after GC invocations=56 (full 0):
 garbage-first heap   total 168960K, used 83748K [0x0000000080000000, 0x0000000100000000)
  region size 1024K, 7 young (7168K), 7 survivors (7168K)
 Metaspace       used 85198K, capacity 87285K, committed 87472K, reserved 1124352K
  class space    used 11094K, capacity 11909K, committed 12032K, reserved 1048576K
}
Event: 27.633 GC heap before
{Heap before GC invocations=56 (full 0):
 garbage-first heap   total 168960K, used 134948K [0x0000000080000000, 0x0000000100000000)
  region size 1024K, 58 young (59392K), 7 survivors (7168K)
 Metaspace       used 87473K, capacity 89759K, committed 89904K, reserved 1126400K
  class space    used 11482K, capacity 12384K, committed 12416K, reserved 1048576K
}
Event: 27.656 GC heap after
{Heap after GC invocations=57 (full 0):
 garbage-first heap   total 168960K, used 89417K [0x0000000080000000, 0x0000000100000000)
  region size 1024K, 6 young (6144K), 6 survivors (6144K)
 Metaspace       used 87473K, capacity 89759K, committed 89904K, reserved 1126400K
  class space    used 11482K, capacity 12384K, committed 12416K, reserved 1048576K
}
Event: 28.750 GC heap before
{Heap before GC invocations=58 (full 0):
 garbage-first heap   total 168960K, used 136521K [0x0000000080000000, 0x0000000100000000)
  region size 1024K, 53 young (54272K), 6 survivors (6144K)
 Metaspace       used 87876K, capacity 90266K, committed 90416K, reserved 1128448K
  class space    used 11491K, capacity 12392K, committed 12416K, reserved 1048576K
}

