# JRE version: OpenJDK Runtime Environment (11.0.15) (build 11.0.15+0-b2043.56-9505619)
# Java VM: OpenJDK 64-Bit Server VM (11.0.15+0-b2043.56-9505619, mixed mode, tiered, compressed oops, g1 gc, windows-amd64)
Heap:
 garbage-first heap   total 164864K, used 79181K [0x0000000080000000, 0x0000000100000000)
  region size 1024K, 5 young (5120K), 5 survivors (5120K)
 Metaspace       used 89650K, capacity 91676K, committed 91824K, reserved 1128448K
  class space    used 11660K, capacity 12453K, committed 12544K, reserved 1048576K
GC Heap History (20 events):
Event: 15.345 GC heap after
{Heap after GC invocations=46 (full 0):
 garbage-first heap   total 94208K, used 62230K [0x0000000080000000, 0x0000000100000000)
  region size 1024K, 2 young (2048K), 2 survivors (2048K)
 Metaspace       used 68635K, capacity 70219K, committed 70448K, reserved 1110016K
  class space    used 8672K, capacity 9290K, committed 9344K, reserved 1048576K
}
Event: 15.505 GC heap before
{Heap before GC invocations=46 (full 0):
 garbage-first heap   total 94208K, used 73494K [0x0000000080000000, 0x0000000100000000)
  region size 1024K, 15 young (15360K), 2 survivors (2048K)
 Metaspace       used 69769K, capacity 71368K, committed 71600K, reserved 1112064K
  class space    used 8829K, capacity 9457K, committed 9472K, reserved 1048576K
}
Event: 15.512 GC heap after
{Heap after GC invocations=47 (full 0):
 garbage-first heap   total 113664K, used 63141K [0x0000000080000000, 0x0000000100000000)
  region size 1024K, 2 young (2048K), 2 survivors (2048K)
 Metaspace       used 69769K, capacity 71368K, committed 71600K, reserved 1112064K
  class space    used 8829K, capacity 9457K, committed 9472K, reserved 1048576K
}
Event: 16.029 GC heap before
{Heap before GC invocations=48 (full 0):
 garbage-first heap   total 113664K, used 85669K [0x0000000080000000, 0x0000000100000000)
  region size 1024K, 23 young (23552K), 2 survivors (2048K)
 Metaspace       used 71787K, capacity 73402K, committed 73520K, reserved 1114112K
  class space    used 9095K, capacity 9744K, committed 9856K, reserved 1048576K
}
Event: 16.032 GC heap after
{Heap after GC invocations=49 (full 0):
 garbage-first heap   total 113664K, used 63515K [0x0000000080000000, 0x0000000100000000)
  region size 1024K, 2 young (2048K), 2 survivors (2048K)
 Metaspace       used 71787K, capacity 73402K, committed 73520K, reserved 1114112K
  class space    used 9095K, capacity 9744K, committed 9856K, reserved 1048576K
}
Event: 16.473 GC heap before
{Heap before GC invocations=49 (full 0):
 garbage-first heap   total 113664K, used 86043K [0x0000000080000000, 0x0000000100000000)
  region size 1024K, 24 young (24576K), 2 survivors (2048K)
 Metaspace       used 73507K, capacity 75150K, committed 75184K, reserved 1114112K
  class space    used 9302K, capacity 9979K, committed 9984K, reserved 1048576K
}
Event: 16.480 GC heap after
{Heap after GC invocations=50 (full 0):
 garbage-first heap   total 113664K, used 64834K [0x0000000080000000, 0x0000000100000000)
  region size 1024K, 3 young (3072K), 3 survivors (3072K)
 Metaspace       used 73507K, capacity 75150K, committed 75184K, reserved 1114112K
  class space    used 9302K, capacity 9979K, committed 9984K, reserved 1048576K
}
Event: 16.643 GC heap before
{Heap before GC invocations=51 (full 0):
 garbage-first heap   total 113664K, used 88386K [0x0000000080000000, 0x0000000100000000)
  region size 1024K, 26 young (26624K), 3 survivors (3072K)
 Metaspace       used 73607K, capacity 75320K, committed 75568K, reserved 1114112K
  class space    used 9320K, capacity 10016K, committed 10112K, reserved 1048576K
}
Event: 16.648 GC heap after
{Heap after GC invocations=52 (full 0):
 garbage-first heap   total 113664K, used 66602K [0x0000000080000000, 0x0000000100000000)
  region size 1024K, 4 young (4096K), 4 survivors (4096K)
 Metaspace       used 73607K, capacity 75320K, committed 75568K, reserved 1114112K
  class space    used 9320K, capacity 10016K, committed 10112K, reserved 1048576K
}
Event: 16.838 GC heap before
{Heap before GC invocations=52 (full 0):
 garbage-first heap   total 113664K, used 89130K [0x0000000080000000, 0x0000000100000000)
  region size 1024K, 26 young (26624K), 4 survivors (4096K)
 Metaspace       used 74304K, capacity 76027K, committed 76080K, reserved 1116160K
  class space    used 9399K, capacity 10081K, committed 10112K, reserved 1048576K
}
Event: 16.844 GC heap after
{Heap after GC invocations=53 (full 0):
 garbage-first heap   total 113664K, used 68403K [0x0000000080000000, 0x0000000100000000)
  region size 1024K, 4 young (4096K), 4 survivors (4096K)
 Metaspace       used 74304K, capacity 76027K, committed 76080K, reserved 1116160K
  class space    used 9399K, capacity 10081K, committed 10112K, reserved 1048576K
}
Event: 17.317 GC heap before
{Heap before GC invocations=54 (full 0):
 garbage-first heap   total 113664K, used 90931K [0x0000000080000000, 0x0000000100000000)
  region size 1024K, 26 young (26624K), 4 survivors (4096K)
 Metaspace       used 76817K, capacity 78494K, committed 78640K, reserved 1118208K
  class space    used 9820K, capacity 10498K, committed 10624K, reserved 1048576K
}
Event: 17.326 GC heap after
{Heap after GC invocations=55 (full 0):
 garbage-first heap   total 137216K, used 69662K [0x0000000080000000, 0x0000000100000000)
  region size 1024K, 3 young (3072K), 3 survivors (3072K)
 Metaspace       used 76817K, capacity 78494K, committed 78640K, reserved 1118208K
  class space    used 9820K, capacity 10498K, committed 10624K, reserved 1048576K
}
Event: 18.038 GC heap before
{Heap before GC invocations=55 (full 0):
 garbage-first heap   total 137216K, used 104478K [0x0000000080000000, 0x0000000100000000)
  region size 1024K, 37 young (37888K), 3 survivors (3072K)
 Metaspace       used 80367K, capacity 82063K, committed 82224K, reserved 1120256K
  class space    used 10396K, capacity 11077K, committed 11136K, reserved 1048576K
}
Event: 18.047 GC heap after
{Heap after GC invocations=56 (full 0):
 garbage-first heap   total 137216K, used 71781K [0x0000000080000000, 0x0000000100000000)
  region size 1024K, 4 young (4096K), 4 survivors (4096K)
 Metaspace       used 80367K, capacity 82063K, committed 82224K, reserved 1120256K
  class space    used 10396K, capacity 11077K, committed 11136K, reserved 1048576K
}
Event: 18.937 GC heap before
{Heap before GC invocations=57 (full 0):
 garbage-first heap   total 137216K, used 106597K [0x0000000080000000, 0x0000000100000000)
  region size 1024K, 38 young (38912K), 4 survivors (4096K)
 Metaspace       used 83203K, capacity 85196K, committed 85296K, reserved 1122304K
  class space    used 10798K, capacity 11576K, committed 11648K, reserved 1048576K
}
Event: 18.945 GC heap after
{Heap after GC invocations=58 (full 0):
 garbage-first heap   total 137216K, used 74299K [0x0000000080000000, 0x0000000100000000)
  region size 1024K, 5 young (5120K), 5 survivors (5120K)
 Metaspace       used 83203K, capacity 85196K, committed 85296K, reserved 1122304K
  class space    used 10798K, capacity 11576K, committed 11648K, reserved 1048576K
}
Event: 19.494 GC heap before
{Heap before GC invocations=58 (full 0):
 garbage-first heap   total 137216K, used 109115K [0x0000000080000000, 0x0000000100000000)
  region size 1024K, 39 young (39936K), 5 survivors (5120K)
 Metaspace       used 87441K, capacity 89409K, committed 89648K, reserved 1126400K
  class space    used 11381K, capacity 12152K, committed 12160K, reserved 1048576K
}
Event: 19.502 GC heap after
{Heap after GC invocations=59 (full 0):
 garbage-first heap   total 137216K, used 76356K [0x0000000080000000, 0x0000000100000000)
  region size 1024K, 5 young (5120K), 5 survivors (5120K)
 Metaspace       used 87441K, capacity 89409K, committed 89648K, reserved 1126400K
  class space    used 11381K, capacity 12152K, committed 12160K, reserved 1048576K
}
Event: 20.058 GC heap before
{Heap before GC invocations=60 (full 0):
 garbage-first heap   total 137216K, used 111172K [0x0000000080000000, 0x0000000100000000)
  region size 1024K, 39 young (39936K), 5 survivors (5120K)
 Metaspace       used 89650K, capacity 91676K, committed 91824K, reserved 1128448K
  class space    used 11660K, capacity 12453K, committed 12544K, reserved 1048576K
}

